Record search status: every 1 secs. 
Space for 1000 trees in memory 
 
WARNING: 
200 reps. with 10 trees each exceeds available treespace (1000)
Search may have to be interrupted if tree-buffer is filled 
 
Repl. Algor.     Tree        Score       Best Score   Time       Rearrangs.
3     TBR       20 of 26     1748        1735         0:00:01    307,964,233   
6     TBR       52 of 60     1746        1734         0:00:02    765,268,778   
8     TBR       70 of 80     1740        1728         0:00:03    1,203,302,865 
10    TBR       90 of 100    1745        1728         0:00:04    1,641,360,475 
12    TBR      110 of 120    1752        1720         0:00:05    2,109,343,502 
14    TBR      132 of 140    1741        1720         0:00:06    2,632,785,028 
17    TBR      164 of 170    1733        1720         0:00:07    3,058,356,634 
21    SPR      200 of 200    1790        1720         0:00:08    3,514,116,192 
24    TBR      230 of 240    1746        1720         0:00:09    3,970,730,069 
27    TBR      265 of 270    1738        1720         0:00:10    4,475,237,224 
29    TBR      280 of 290    1748        1720         0:00:11    4,940,944,184 
33    TBR      322 of 330    1742        1720         0:00:12    5,366,627,812 
36    TBR      358 of 360    1740        1720         0:00:13    5,793,130,897 
39    WAG      380 of 380    ------      1720         0:00:14    6,250,927,859 
43    TBR      422 of 430    1746        1720         0:00:15    6,673,353,805 
46    TBR      450 of 460    1737        1720         0:00:16    7,125,929,759 
48    TBR      478 of 480    1735        1720         0:00:17    7,623,759,260 
50    TBR      494 of 500    1733        1720         0:00:18    8,100,185,662 
53    TBR      523 of 530    1742        1720         0:00:19    8,580,338,103 
55    TBR      540 of 550    1722        1720         0:00:20    9,054,597,624 
57    SPR      560 of 560    1758        1712         0:00:21    9,575,001,072 
59    TBR      581 of 590    1721        1712         0:00:22    10,009,158,040 
63    TBR      622 of 630    1740        1712         0:00:23    10,465,209,297 
65    TBR      644 of 650    1733        1712         0:00:24    10,931,754,860 
69    TBR      681 of 690    1751        1712         0:00:25    11,408,372,033 
73    TBR      723 of 730    1747        1712         0:00:26    11,854,347,225 
77    TBR      764 of 770    1736        1712         0:00:27    12,271,949,534 
80    TBR      791 of 800    1729        1712         0:00:28    12,733,866,013 
84    TBR      830 of 840    1732        1712         0:00:29    13,175,530,785 
86    TBR      850 of 860    1729        1712         0:00:30    13,695,747,411 
88    TBR      873 of 880    1718        1712         0:00:31    14,158,313,632 
91    TBR      900 of 910    1729        1712         0:00:32    14,610,348,091 
95    TBR      948 of 950    1730        1712         0:00:33    15,048,306,296 
97    TBR      961 of 970    1729        1712         0:00:34    15,580,072,980 
100   TBR      999 of 1000   ------      1712         0:00:34    16,094,946,908 

NOTE: Search terminated after replication 100 (tree buffer full)
 
Total rearrangements examined: 16,094,946,908. 
Best score hit 1 times out of 100 (some replications overflowed).
Best score (TBR): 1712.  10 trees retained. 
Tree lengths 
 
             0      1      2      3      4      5      6      7      8      9 
                                                                              
      0   1712   1712   1712   1712   1712   1712   1712   1712   1712   1712 
 
 
Note: for consensus calculation, trees will be 
temporarily collapsed (when min. branch length = 0) 
 
Majority rule tree (from 10 trees, cut 50) 
   ,-- Vege|136456|Pak
   |     ,-- Paki|45010|Pak
   |     |     ,-- Aloo|14035|Ind
   |     |     |           ,-- Red|16641|Ind
|--|     |     |           |           ,-- Lump|221323|Phi
   |     |     |           |     ,--100|     ,-- Curr|84009|Pak
   |     |     |           |     |     `--100|     ,-- Afri|55207|Afr
   |     |     |     ,--100|     |           `--100|     ,-- Make|217109|Afr
   `--100|     |     |     |     |                 `--100--- Lamb|105044|Afr
         |     |     |     |     |           ,-- Spin|229079|Pak
         |     |     |     `--100|     ,--100|     ,-- Wash|25711|Jap
         |     |     |           |     |     `--100|     ,-- Chic|34689|Ind
         |     |     |           |     |           `--100--- Moro|105045|Afr
         |     |     |           |     |     ,-- Red|247204|Ind
         |     |     |           `--100|     |     ,-- Tama|245131|Ind
         `--100|     |                 |     |--100--- Paki|54024|Pak
               |     |                 |     |           ,-- Blac|246179|Ind
               |     |                 `--100|     ,--100|     ,-- Spic|165190|Ind
               |     |                       |     |     `--100--- Moro|12960|Afr
               |     |                       |     |           ,-- Keem|231026|Ind
               |     |                       `--100|     ,--100--- Minc|31044|Pak
               |     |                             |     |     ,-- Indi|212721|Ind
               |     |                             `--100|     |     ,-- Chef|239867|Eng
               |     |                                   `--100|     |     ,-- Chic|68473|Ind
               |     |                                         |     |--100+-- Chic|53783|Pak
               |     |                                         `--100|     `-- Chic|28372|Pak
               |     |                                               |     ,-- Kash|220560|Ind
               `--100|                                               `--100|     ,-- Indi|50347|Ind
                     |                                                     `--100--- Biri|72483|Pak
                     |     ,-- Chak|213717|Afr
                     |     |           ,-- Bow|26257|Ita
                     |     |     ,--100--- Rata|18411|Fra
                     |     |     |    ,-- Corn|70713|Phi
                     |     |     |--80|     ,-- Chic|255401|Phi
                     |     |     |    `--100|     ,-- Vege|60598|Ind
                     |     |     |          `--100--- Cald|232552|Phi
                     |     |     |          ,-- Garl|86755|Phi
                     |     |     |          |     ,-- Spic|75087|Ind
                     |     |     |          |--100--- Chin|49350|Chi
                     |     |     |          |           ,-- Spag|246628|Ita
                     |     |     |          |     ,--100--- Sici|17167|Ita
                     |     |     |    ,--100|     |     ,-- Doub|20669|Ita
                     |     |     |    |     |     |--100|     ,-- Rico|126942|Ita
                     |     |     |    |     |     |     `--100|     ,-- Ital|21353|Ita
                     |     |     |    |     |     |           `--100|     ,-- Worl|23600|Ita
                     |     |     |    |     `--100|                 `--100--- Amer|11729|Ita
                     |     |     |    |           |                 ,-- Chic|8691|Mex
                     `--100|     |    |           |           ,--100--- Lime|25371|Mex
                           |     |    |           |     ,--100|     ,-- Garl|70522|Ita
                           |     |    |           |     |     `--100--- Chic|8495|Fra
                           |     |    |           `--100|     ,-- Exqu|17319|Ita
                           |     |    |                 `--100|     ,-- Slow|16427|Ita
                           |     |    |                       `--100|     ,-- Whit|8758|Ita
                           |     |    |                             `--100|     ,-- Ital|13436|Ita
                           |     |    |                                   `--100--- Jami|13333|Ita
                           |     |    |           ,-- Easy|235756|Mex
                           |     |    |           |-- Pan_|214564|Chi
                           |     |    |     ,--100|     ,-- Indi|72349|Ind
                           |     |    |     |     `--100|     ,-- Mata|84038|Pak
                           |     |    |     |           `--100--- Praw|165456|Pak
                           |     |    |     |     ,-- Egyp|159456|Afr
                           |     |    |--100|     |-- Sini|30815|Phi
                           |     |    |     |     |           ,-- Ital|12942|Ita
                           |     |    |     |     |     ,--100|     ,-- Moro|69633|Afr
                           `--100|    |     `--100|     |     `--100|     ,-- Slow|218769|Afr
                                 |    |           |     |           `--100|     ,-- Moro|83565|Afr
                                 |    |           |     |                 `--100--- Moro|18182|Afr
                                 |    |           `--100|           ,-- Refr|70312|Mex
                                 |    |                 |     ,--100+-- Afri|8687|Afr
                                 |    |                 |     |     `-- Samb|53603|Afr
                                 |    |                 |     |           ,-- Cath|23874|Mex
                                 |    |                 `--100|     ,--100|     ,-- Slow|89539|Mex
                                 |    |                       |     |     `--100--- Spic|255989|Mex
                                 |    |                       `--100|     ,-- Paki|16084|Pak
                                 |    |                             |     |     ,-- Chic|45957|Ind
                                 |    |                             `--100|     |     ,-- Paki|33677|Pak
                                 |    |                                   `--100+--100--- Spic|20648|Pak
                                 |    |                                         |     ,-- Bain|47564|Ind
                                 |    |                                         `--100|     ,-- Paki|8955|Pak
                                 |    |                                               `--100--- Paki|30936|Pak
                                 |    |          ,-- Kore|63912|Kor
                                 |    |    ,--100--- Hot|81581|Ita
                                 |    |    |     ,-- Riga|246866|Ita
                                 |    |    |--100--- Afri|137967|Afr
                                 |    |    |    ,-- Russ|213107|Rus
                                 |    |    |--90|     ,-- Octo|14412|Ger
                                 |    |    |    `--100--- Russ|60262|Rus
                                 |    |    |     ,-- Ethi|152937|Afr
                                 |    |    |     |           ,-- Russ|85517|Rus
                                 |    |    |--100|     ,--100--- Bors|13015|Rus
                                 |    |--90|     `--100|     ,-- Corn|12432|Eng
                                 |    |    |           `--100|     ,-- Stuf|26661|Rus
                                 |    |    |                 `--100|     ,-- Swee|94031|Rus
                                 |    |    |                       `--100|     ,-- Halu|220002|Rus
                                 |    |    |                             `--100--- Bors|12945|Rus
                                 |    |    |           ,-- Vege|228241|Kor
                                 `--80|    |     ,--100--- Chin|16954|Chi
                                      |    |     |           ,-- Lump|94757|Phi
                                      |    `--100|     ,--100--- Lump|40351|Phi
                                      |          |     |     ,-- Fili|35151|Phi
                                      |          `--100|     |           ,-- Panc|31799|Phi
                                      |                `--100|     ,--100|     ,-- Yaki|8628|Jap
                                      |                      |     |     `--100--- Quic|47015|Phi
                                      |                      `--100|     ,-- Glo'|47022|Jap
                                      |                            |     |           ,-- Gyoz|27190|Jap
                                      |                            `--100|     ,--100--- Pork|14759|Chi
                                      |                                  `--100|     ,-- Okon|255416|Jap
                                      |                                        `--100--- Japa|236525|Jap
                                      |    ,-- Duck|230047|Phi
                                      |    |    ,-- Mexi|27072|Mex
                                      |    |    |    ,-- Fren|13345|Fra
                                      |    |    |--90--- Russ|111546|Rus
                                      |    |--70|           ,-- Jage|60708|Ger
                                      |    |    |     ,--100--- Beef|23924|Rus
                                      |    |    |     |     ,-- Rest|45515|Chi
                                      |    |    `--100+--100--- Egg|115965|Chi
                                      |    |          |     ,-- Swee|31144|Chi
                                      |    |          `--100--- Chin|135367|Chi
                                      |    |     ,-- Pork|46402|Phi
                                      |    |     |     ,-- Drow|244940|Mex
                                      |    |     |--100|     ,-- Bon|222680|Ita
                                      |--70|     |     `--100|     ,-- Burr|16881|Mex
                                      |    |--100|           `--100--- Addi|13954|Mex
                                      |    |     |           ,-- Supe|143069|Ita
                                      |    |     |     ,--100--- Came|38121|Afr
                                      |    |     `--100|     ,-- Spic|48121|Afr
                                      |    |           `--100|     ,-- Afri|73090|Afr
                                      |    |                 `--100--- West|217952|Afr
                                      |    |     ,-- Chic|15840|Mex
                                      |    |     |     ,-- Afri|47439|Afr
                                      |    |     |--100|     ,-- Indi|46822|Ind
                                      |    |     |     `--100--- Slow|174543|Ind
                                      |    |     |           ,-- Chic|19304|Ita
                                      |    |     |     ,--100--- Poul|223506|Fra
                                      |    `--100+--100|     ,-- Easy|141169|Ind
                                      |          |     `--100|     ,-- Chic|45736|Ind
                                      |          |           `--100--- Curr|228293|Ind
                                      |          |           ,-- Chic|212940|Phi
                                      |          |     ,--100--- Chic|212929|Phi
                                      |          `--100|     ,-- Chic|180014|Afr
                                      |                `--100|     ,-- Chic|16102|Pak
                                      |                      `--100|     ,-- Gril|86828|Ind
                                      |                            `--100--- Koku|150337|Pak
                                      |           ,-- Spic|105179|Kor
                                      |     ,--100|     ,-- Peri|72064|Afr
                                      |     |     `--100|     ,-- Carn|246332|Mex
                                      |     |           `--100|     ,-- Taco|46653|Mex
                                      |     |                 `--100--- Trac|214086|Phi
                                      |     |     ,-- Juic|83557|Ger
                                      |     |     |     ,-- Secr|242252|Mex
                                      |     |     |     |-- Toma|256599|Ind
                                      `--100|     |--100|     ,-- Guac|14231|Mex
                                            |     |     `--100|     ,-- Carr|17971|Ind
                                            |     |           `--100|     ,-- Hari|13443|Afr
                                            |     |                 `--100--- Butt|150812|Pak
                                            |     |           ,-- Miso|13107|Jap
                                            |     |     ,--100--- Germ|25194|Ger
                                            |     |     |     ,-- Corn|33129|Eng
                                            `--100|     |     |     ,-- Nige|13095|Afr
                                                  |     |--100|     |           ,-- Gree|20922|Ita
                                                  |     |     |     |     ,--100|     ,-- Rich|13309|Fra
                                                  |     |     `--100|     |     `--100|     ,-- Fren|91192|Fra
                                                  |     |           |     |           `--100--- Fren|16386|Fra
                                                  |     |           `--100|     ,-- Beef|16899|Eng
                                                  |     |                 |     |           ,-- Chic|8887|Ita
                                                  |     |                 |     |     ,--100--- Gour|85389|Ita
                                                  |     |                 `--100|     |     ,-- Mull|13087|Ind
                                                  |     |                       |     |--100--- Chef|239230|Fra
                                                  `--100|                       `--100|           ,-- Beef|16905|Fra
                                                        |                             |     ,--100|     ,-- Russ|80773|Rus
                                                        |                             |     |     `--100--- Soli|13093|Rus
                                                        |                             `--100|     ,-- Nana|230302|Rus
                                                        |                                   `--100|     ,-- Beef|25202|Rus
                                                        |                                         `--100--- Mitz|229090|Rus
                                                        |     ,-- Bier|23070|Ger
                                                        |     |           ,-- Slow|70343|Mex
                                                        |     |     ,--100--- Seve|19673|Mex
                                                        |     |     |           ,-- Sals|16700|Mex
                                                        |     |     |     ,--100|     ,-- Chic|8669|Fra
                                                        |     |     |     |     `--100|     ,-- Shre|44125|Mex
                                                        `--100|     |     |           `--100|     ,-- Chic|8694|Mex
                                                              |     |     |                 `--100--- Ange|83549|Mex
                                                              |     |     |     ,-- Grat|246439|Fra
                                                              |     |     |--100|     ,-- Easy|24566|Eng
                                                              |     |     |     `--100|     ,-- Quic|17515|Fra
                                                              |     |     |           `--100|     ,-- Cali|83905|Fra
                                                              `--100|     |                 `--100|     ,-- Tira|21412|Ita
                                                                    |     |                       `--100--- Crem|19165|Fra
                                                                    |     |     ,-- Choc|33647|Fra
                                                                    |     |     |-- Chef|222387|Fra
                                                                    |     |     |-- Chef|257734|Eng
                                                                    |     |     |     ,-- Engl|8445|Eng
                                                                    |     |     |--100--- Joy'|19832|Eng
                                                                    |     |     |     ,-- Hors|17734|Rus
                                                                    |     |     |     |          ,-- Eggp|25321|Ita
                                                                    |     |     |     |    ,--100--- Chri|228108|Eng
                                                                    `--100|     |     |    |     ,-- Blen|84214|Fra
                                                                          |     |     |    |--100--- Perf|53683|Eng
                                                                          |     |     |    |          ,-- Sopa|169305|Mex
                                                                          |     |     |    |    ,--100--- Russ|10192|Rus
                                                                          |     |     |--90+--90|     ,-- Cong|174663|Eng
                                                                          |     |     |    |    `--100--- Bano|12625|Eng
                                                                          |     |     |    |     ,-- Frie|206120|Ger
                                                                          |     |     |    |     |-- Mush|50281|Eng
                                                                          |     |     |    `--100|     ,-- Marr|13988|Afr
                                                                          |     |     |          `--100|     ,-- Purp|257083|Phi
                                                                          |     |     |                `--100|     ,-- Bang|55428|Eng
                                                                          |     |     |                      `--100|     ,-- Crea|15925|Fra
                                                                          |     |     |                            `--100|     ,-- Prop|15509|Eng
                                                                          |     |     |                                  `--100--- Turk|12522|Eng
                                                                          |     |     |     ,-- Anni|26692|Mex
                                                                          |     |     |     |     ,-- Coco|34591|Ind
                                                                          |     |     |     |--100--- Moro|169523|Afr
                                                                          `--100|     |     |     ,-- Bals|132815|Ita
                                                                                |     |     |     |     ,-- Jaeg|85935|Ger
                                                                                |     |     |--100+--100--- Clas|97806|Eng
                                                                                |     |     |     |     ,-- Mark|58593|Eng
                                                                                |     |--100|     `--100|     ,-- Slow|21380|Ger
                                                                                |     |     |           `--100|     ,-- Beer|228406|Ger
                                                                                |     |     |                 `--100--- Saus|216081|Ger
                                                                                |     |     |           ,-- Japa|87590|Jap
                                                                                |     |     |     ,--100--- Sesa|71698|Jap
                                                                                |     |     |     |           ,-- Lola|152243|Phi
                                                                                |     |     |     |     ,--100|     ,-- Kore|66294|Kor
                                                                                |     |     `--100|     |     `--100--- Blac|50233|Chi
                                                                                |     |           |     |           ,-- Dak|262011|Kor
                                                                                |     |           `--100|     ,--100|     ,-- Gril|8919|Chi
                                                                                |     |                 |     |     `--100--- Szec|86230|Chi
                                                                                |     |                 `--100|     ,-- Quic|99322|Jap
                                                                                |     |                       |     |     ,-- Gyoz|162361|Jap
                                                                                |     |                       `--100|     |           ,-- Kore|262042|Kor
                                                                                |     |                             `--100|     ,--100--- Orie|83087|Jap
                                                                                |     |                                   |     |     ,-- Teri|139027|Jap
                                                                                |     |                                   `--100|     |     ,-- Kore|162036|Kor
                                                                                |     |                                         |     |     |     ,-- Spic|262017|Kor
                                                                                |     |                                         `--100|     |     |     ,-- Fili|14756|Phi
                                                                                |     |                                               |     |     |--100|     ,-- Chin|77408|Chi
                                                                                |     |                                               `--100|     |     `--100--- Chin|258494|Chi
                                                                                `--100|                                                     |     |     ,-- Vega|262043|Kor
                                                                                      |                                                     |     |--100|     ,-- Famo|15177|Jap
                                                                                      |                                                     `--100|     `--100|     ,-- Kore|238844|Kor
                                                                                      |                                                           |           `--100--- Gene|91499|Chi
                                                                                      |                                                           |     ,-- Simp|237005|Kor
                                                                                      |                                                           |     |     ,-- Kore|141716|Kor
                                                                                      |                                                           |     |     |           ,-- Soba|14024|Jap
                                                                                      |                                                           `--100|     |           |           ,-- Chin|14319|Chi
                                                                                      |                                                                 |     |     ,--100|     ,--100--- Asia|14252|Chi
                                                                                      |                                                                 |     |     |     |     |           ,-- Kore|88344|Kor
                                                                                      |                                                                 `--100|     |     `--100|     ,--100--- Kung|9027|Chi
                                                                                      |                                                                       |     |           `--100|     ,-- Slow|223588|Phi
                                                                                      |                                                                       |     |                 `--100|     ,-- Gril|45580|Phi
                                                                                      |                                                                       |     |                       `--100+-- Adob|28363|Phi
                                                                                      |                                                                       |     |                             `-- Chic|22816|Phi
                                                                                      |                                                                       `--100|     ,-- Supe|148831|Chi
                                                                                      |                                                                             |     |     ,-- Kalb|96698|Kor
                                                                                      |                                                                             |     |     |           ,-- Japa|212636|Jap
                                                                                      |                                                                             |     |--100|     ,--100--- Fun|229242|Chi
                                                                                      |                                                                             |     |     |     |     ,-- Mong|201849|Chi
                                                                                      |                                                                             |     |     `--100|     |-- Slow|195083|Chi
                                                                                      |                                                                             `--100|           `--100|     ,-- Chin|172704|Chi
                                                                                      |                                                                                   |                 `--100|     ,-- Asia|15679|Chi
                                                                                      |                                                                                   |                       `--100|     ,-- Cris|57966|Chi
                                                                                      |                                                                                   |                             `--100--- Rest|191156|Chi
                                                                                      |                                                                                   |     ,-- Beef|218058|Jap
                                                                                      |                                                                                   |     |     ,-- Awes|42964|Kor
                                                                                      |                                                                                   `--100|     |     ,-- Bulg|47575|Kor
                                                                                      |                                                                                         `--100|     |     ,-- Kore|48546|Kor
                                                                                      |                                                                                               |     |--100--- Auth|193863|Kor
                                                                                      |                                                                                               `--100|     ,-- Beef|100606|Kor
                                                                                      |                                                                                                     |     |     ,-- Bulg|63911|Kor
                                                                                      |                                                                                                     |     |--100--- Chap|53731|Kor
                                                                                      |                                                                                                     `--100|     ,-- Kore|51252|Kor
                                                                                      |                                                                                                           |--100--- Skil|240400|Kor
                                                                                      |                                                                                                           |     ,-- Kalb|262014|Kor
                                                                                      |                                                                                                           `--100--- Easy|246172|Kor
                                                                                      |    ,-- Engl|86854|Eng
                                                                                      |    |-- Maja|221333|Phi
                                                                                      |    |     ,-- Easy|193307|Jap
                                                                                      |    |     |-- Glue|20538|Ger
                                                                                      |    |     |-- Biko|151155|Phi
                                                                                      |    |     |     ,-- Agua|246118|Mex
                                                                                      |    |--100+--100--- Jala|234881|Mex
                                                                                      |    |     |     ,-- Kore|21033|Kor
                                                                                      `--90|     |--100--- Yumm|158891|Kor
                                                                                           |     |     ,-- Engl|20159|Eng
                                                                                           |     `--100+-- Fili|139425|Phi
                                                                                           |           `-- Rice|22752|Pak
                                                                                           |     ,-- Mexi|14169|Mex
                                                                                           |     |     ,-- The|218877|Jap
                                                                                           |     |     |     ,-- Sush|24228|Jap
                                                                                           `--100|     |--100--- Cucu|14050|Jap
                                                                                                 |     |           ,-- Perf|99211|Jap
                                                                                                 `--100|     ,--100--- Mom'|137596|Jap
                                                                                                       |     |     ,-- Uli'|221947|Ger
                                                                                                       |     |--100--- Gran|139977|Ger
                                                                                                       |     |           ,-- Germ|14411|Ger
                                                                                                       `--100|     ,--100|     ,-- Auth|83097|Ger
                                                                                                             |     |     `--100--- Hot|18085|Ger
                                                                                                             |     |     ,-- Fren|15075|Fra
                                                                                                             |     |--100|     ,-- Swee|8536|Chi
                                                                                                             `--100|     `--100--- Tokn|232808|Phi
                                                                                                                   |     ,-- Russ|7034|Rus
                                                                                                                   |     |     ,-- Auth|88506|Ger
                                                                                                                   |     |     |     ,-- Papa|161586|Ger
                                                                                                                   `--100|     |--100--- Whol|230072|Eng
                                                                                                                         |     |     ,-- Jay'|7245|Ita
                                                                                                                         |     |--100+-- Pizz|6776|Ita
                                                                                                                         `--100|     `-- Pan|16151|Phi
                                                                                                                               |     ,-- Fren|7028|Fra
                                                                                                                               |     |     ,-- Fren|6882|Fra
                                                                                                                               |     |     |     ,-- Pier|11980|Rus
                                                                                                                               `--100|     |     |     ,-- York|9239|Eng
                                                                                                                                     |     |     |     |    ,-- Hi_R|240794|Eng
                                                                                                                                     `--100|     |     |    |-- Hone|93234|Chi
                                                                                                                                           |     |     |    |     ,-- Tayl|26670|Rus
                                                                                                                                           |     |     |--90+--100--- Vare|213129|Rus
                                                                                                                                           `--100|     |    |    ,-- Crep|27188|Fra
                                                                                                                                                 |     |    |    |-- Sky|95339|Eng
                                                                                                                                                 |     |    `--90|          ,-- Fish|53729|Mex
                                                                                                                                                 |     |         |    ,--100--- Stra|246528|Ita
                                                                                                                                                 |     |         `--90|     ,-- Wien|47599|Ger
                                                                                                                                                 `--100|              `--100|     ,-- Chic|72068|Jap
                                                                                                                                                       |                    `--100|     ,-- Japa|127500|Jap
                                                                                                                                                       |                          `--100|     ,-- Cris|228363|Ger
                                                                                                                                                       |                                `--100|     ,-- Easy|239051|Mex
                                                                                                                                                       |                                      `--100--- Chic|18481|Rus
                                                                                                                                                       |    ,-- Basi|16383|Fra
                                                                                                                                                       |    |     ,-- Semm|85194|Ger
                                                                                                                                                       |    |--100--- Germ|11793|Ger
                                                                                                                                                       |    |    ,-- Germ|36900|Ger
                                                                                                                                                       |    |    |-- Quic|22539|Eng
                                                                                                                                                       `--90|    |    ,-- Germ|24146|Ger
                                                                                                                                                            |    |    |-- Kais|171660|Ger
                                                                                                                                                            |    |    |-- Fren|20931|Fra
                                                                                                                                                            |    |    |-- Dess|19037|Fra
                                                                                                                                                            |    |    |-- Russ|75391|Rus
                                                                                                                                                            `--90|    |     ,-- Vani|95817|Fra
                                                                                                                                                                 |    |--100|     ,-- Milk|16738|Afr
                                                                                                                                                                 |    |     `--100|     ,-- Spon|256398|Jap
                                                                                                                                                                 |    |           `--100--- Bee|8039|Ger
                                                                                                                                                                 |    |     ,-- Roti|247233|Ind
                                                                                                                                                                 |    |--100|     ,-- Ukra|37246|Rus
                                                                                                                                                                 `--90|     `--100|     ,-- Engl|17914|Eng
                                                                                                                                                                      |           `--100--- Oran|11420|Rus
                                                                                                                                                                      |     ,-- Corn|6667|Eng
                                                                                                                                                                      |     |-- Rasp|218540|Rus
                                                                                                                                                                      |--100+-- Trad|140517|Rus
                                                                                                                                                                      |     |     ,-- Naan|14565|Ind
                                                                                                                                                                      |     `--100--- Trad|190997|Fra
                                                                                                                                                                      |    ,-- Basi|7086|Eng
                                                                                                                                                                      |    |     ,-- Germ|17488|Ger
                                                                                                                                                                      |    |--100--- Perf|244629|Eng
                                                                                                                                                                      `--80|    ,-- Gree|53655|Jap
                                                                                                                                                                           |    |-- Blin|215962|Rus
                                                                                                                                                                           `--90|     ,-- Germ|7915|Ger
                                                                                                                                                                                `--100--- Chin|6843|Phi
Taxon names is ON 
Saved trees (Nexus format) to file hitree.tre 
